<?xml version="1.0" encoding="UTF-8"?>
<!-- Generated by org.testng.reporters.JUnitReportReporter -->
<testsuite hostname="BLRKEC350789D" name="com.CrossBrowsersTesting.ex.VerifyPageTitle" tests="2" failures="0" timestamp="11 Apr 2018 08:35:15 GMT" time="28.542" errors="0">
  <testcase name="verifyTitle" time="19.566" classname="com.CrossBrowsersTesting.ex.VerifyPageTitle"/>
  <testcase name="verifyTitle" time="8.976" classname="com.CrossBrowsersTesting.ex.VerifyPageTitle"/>
</testsuite> <!-- com.CrossBrowsersTesting.ex.VerifyPageTitle -->
