<?xml version="1.0" encoding="UTF-8"?>
<!-- Generated by org.testng.reporters.JUnitReportReporter -->
<testsuite hostname="BLRKEC350789D" name="com.dataProvider.testNG.DataProviderEx" tests="3" failures="0" timestamp="11 Apr 2018 09:18:41 GMT" time="0.013" errors="0">
  <testcase name="TestCase1" time="0.008" classname="com.dataProvider.testNG.DataProviderEx"/>
  <testcase name="TestCase1" time="0.002" classname="com.dataProvider.testNG.DataProviderEx"/>
  <testcase name="TestCase1" time="0.003" classname="com.dataProvider.testNG.DataProviderEx"/>
</testsuite> <!-- com.dataProvider.testNG.DataProviderEx -->
