<?xml version="1.0" encoding="UTF-8"?>
<!-- Generated by org.testng.reporters.JUnitReportReporter -->
<testsuite hostname="BLRKEC350789D" name="com.dataProvider.testNG.DataProviderLoginEx" tests="3" failures="0" timestamp="3 Apr 2018 07:50:53 GMT" time="94.511" errors="0">
  <testcase name="Test1" time="27.942" classname="com.dataProvider.testNG.DataProviderLoginEx"/>
  <testcase name="Test1" time="32.572" classname="com.dataProvider.testNG.DataProviderLoginEx"/>
  <testcase name="Test1" time="33.997" classname="com.dataProvider.testNG.DataProviderLoginEx"/>
</testsuite> <!-- com.dataProvider.testNG.DataProviderLoginEx -->
