<?xml version="1.0" encoding="UTF-8"?>
<!-- Generated by org.testng.reporters.JUnitReportReporter -->
<testsuite hostname="BLRKEC350789D" name="com.dataProvider.testNG.DataProviderClass" tests="5" failures="0" timestamp="3 Apr 2018 06:46:34 GMT" time="0.014" errors="0">
  <testcase name="TestCase2" time="0.009" classname="com.dataProvider.testNG.DataProviderClass"/>
  <testcase name="TestCase2" time="0.001" classname="com.dataProvider.testNG.DataProviderClass"/>
  <testcase name="TestCase3" time="0.001" classname="com.dataProvider.testNG.DataProviderClass"/>
  <testcase name="TestCase3" time="0.001" classname="com.dataProvider.testNG.DataProviderClass"/>
  <testcase name="TestCase2" time="0.002" classname="com.dataProvider.testNG.DataProviderClass"/>
</testsuite> <!-- com.dataProvider.testNG.DataProviderClass -->
