<?xml version="1.0" encoding="UTF-8"?>
<!-- Generated by org.testng.reporters.JUnitReportReporter -->
<testsuite hostname="BLRKEC350789D" name="com.dataProvider.testNG.DataProvideMulMethods" tests="5" failures="0" timestamp="3 Apr 2018 06:42:22 GMT" time="0.029" errors="0">
  <testcase name="TestCase2" time="0.003" classname="com.dataProvider.testNG.DataProvideMulMethods"/>
  <testcase name="TestCase3" time="0.002" classname="com.dataProvider.testNG.DataProvideMulMethods"/>
  <testcase name="TestCase3" time="0.006" classname="com.dataProvider.testNG.DataProvideMulMethods"/>
  <testcase name="TestCase2" time="0.008" classname="com.dataProvider.testNG.DataProvideMulMethods"/>
  <testcase name="TestCase2" time="0.010" classname="com.dataProvider.testNG.DataProvideMulMethods"/>
</testsuite> <!-- com.dataProvider.testNG.DataProvideMulMethods -->
